<?xml version="1.0" encoding="UTF-8"?>
<!-- Generated by org.testng.reporters.JUnitXMLReporter -->
<testsuite ignored="0" hostname="LAPTOP-K4EODMHG" failures="0" tests="3" name="Test" time="0.093" errors="0" timestamp="2021-03-17T11:00:11 IST">
  <testcase classname="com.test.BoardTest" name="@BeforeSuite beforeSuite" time="-1.615959011738E9">
    <failure type="org.testng.TestNGException" message="
Parameter &amp;apos;driver_path&amp;apos; is required by BeforeSuite on method beforeSuite but has not been marked @Optional or defined
in C:\Users\HP\Documents\ProjectG1\Group1Project\src\TestNg.xml">
      <![CDATA[org.testng.TestNGException: 
Parameter 'driver_path' is required by BeforeSuite on method beforeSuite but has not been marked @Optional or defined
in C:\Users\HP\Documents\ProjectG1\Group1Project\src\TestNg.xml
... Removed 16 stack frames]]>
    </failure>
  </testcase> <!-- @BeforeSuite beforeSuite -->
  <testcase classname="com.test.BoardTest" name="@BeforeClass getlogger" time="-1.615959011801E9">
    <skipped/>
  </testcase> <!-- @BeforeClass getlogger -->
  <testcase classname="com.test.BoardTest" name="TC1" time="0.0">
    <skipped/>
  </testcase> <!-- TC1 -->
  <testcase classname="com.test.BoardTest" name="TC2" time="0.0">
    <skipped/>
  </testcase> <!-- TC2 -->
  <testcase classname="com.test.BoardTest" name="TC3" time="0.0">
    <skipped/>
  </testcase> <!-- TC3 -->
</testsuite> <!-- Test -->
